#
# A fatal error has been detected by the Java Runtime Environment:
#
#  Internal Error (sharedRuntime.cpp:531), pid=79381, tid=8707
#  Error: ShouldNotReachHere()
#
# JRE version: OpenJDK Runtime Environment (16.0+14) (build 16+14)
# Java VM: OpenJDK 64-Bit Server VM (16+14, mixed mode, tiered, compressed oops, g1 gc, bsd-aarch64)
# No core dump will be written. Core dumps have been disabled. To enable core dumping, try "ulimit -c unlimited" before starting Java again
#
# If you would like to submit a bug report, please visit:
#   https://bugreport.java.com/bugreport/crash.jsp
#

---------------  S U M M A R Y ------------

Command Line: -Dapplication.home=/opt/homebrew/Cellar/openjdk/15.0.2/libexec/openjdk.jdk/Contents/Home --add-modules=ALL-DEFAULT -Xms8m -Djdk.module.main=jdk.compiler jdk.compiler/com.sun.tools.javac.Main -d -sourcepath src/ -cp lib/javax.json-api-1.1.4.jar:lib/javax.json-1.1.4.jar:. src/ServerMain.java

Host: MacBookAir10,1 arm64 1 MHz, 8 cores, 16G, Darwin 20.5.0, macOS 11.4 (20F71)
Time: Thu Jun 17 17:01:25 2021 CEST elapsed time: 0.160557 seconds (0d 0h 0m 0s)

---------------  T H R E A D  ---------------

Current thread (0x000000013400be00):  JavaThread "main" [_thread_in_Java, id=8707, stack(0x000000016f408000,0x000000016f60b000)]

Stack: [0x000000016f408000,0x000000016f60b000],  sp=0x000000016f609750,  free space=2053k
Native frames: (J=compiled Java code, A=aot compiled Java code, j=interpreted, Vv=VM code, C=native code)
V  [libjvm.dylib+0x9b4130]  VMError::report_and_die(int, char const*, char const*, char*, Thread*, unsigned char*, void*, void*, char const*, int, unsigned long)+0x46c
V  [libjvm.dylib+0x9b4884]  VMError::report_and_die(Thread*, void*, char const*, int, char const*, char const*, char*)+0x40
V  [libjvm.dylib+0x2ad690]  report_vm_error(char const*, int, char const*, char const*, ...)+0x5c
V  [libjvm.dylib+0x2ad864]  report_should_not_reach_here(char const*, int)+0x2c
V  [libjvm.dylib+0x818d4c]  SharedRuntime::raw_exception_handler_for_return_address(JavaThread*, unsigned char*)+0x178
V  [libjvm.dylib+0x818df0]  SharedRuntime::exception_handler_for_return_address(JavaThread*, unsigned char*)+0x28
v  ~StubRoutines::forward exception
j  java.lang.Class.forName(Ljava/lang/String;ZLjava/lang/ClassLoader;)Ljava/lang/Class;+43 java.base@16
j  java.util.ResourceBundle$3.run()Ljava/lang/Class;+9 java.base@16
j  java.util.ResourceBundle$3.run()Ljava/lang/Object;+1 java.base@16
j  java.security.AccessController.executePrivileged(Ljava/security/PrivilegedAction;Ljava/security/AccessControlContext;Ljava/lang/Class;)Ljava/lang/Object;+29 java.base@16
j  java.security.AccessController.doPrivileged(Ljava/security/PrivilegedAction;)Ljava/lang/Object;+5 java.base@16
j  java.util.ResourceBundle.getResourceBundleProviderType(Ljava/lang/String;Ljava/lang/ClassLoader;)Ljava/lang/Class;+85 java.base@16
j  java.util.ResourceBundle.getServiceLoader(Ljava/lang/Module;Ljava/lang/String;)Ljava/util/ServiceLoader;+16 java.base@16
j  java.util.ResourceBundle$CacheKey.getProviders()Ljava/util/ServiceLoader;+16 java.base@16
j  java.util.ResourceBundle$CacheKey.hasProviders()Z+1 java.base@16
j  java.util.ResourceBundle.loadBundle(Ljava/util/ResourceBundle$CacheKey;Ljava/util/List;Ljava/util/ResourceBundle$Control;Ljava/lang/Module;Ljava/lang/Module;)Ljava/util/ResourceBundle;+16 java.base@16
j  java.util.ResourceBundle.findBundle(Ljava/lang/Module;Ljava/lang/Module;Ljava/util/ResourceBundle$CacheKey;Ljava/util/List;Ljava/util/List;ILjava/util/ResourceBundle$Control;Ljava/util/ResourceBundle;)Ljava/util/ResourceBundle;+249 java.base@16
j  java.util.ResourceBundle.findBundle(Ljava/lang/Module;Ljava/lang/Module;Ljava/util/ResourceBundle$CacheKey;Ljava/util/List;Ljava/util/List;ILjava/util/ResourceBundle$Control;Ljava/util/ResourceBundle;)Ljava/util/ResourceBundle;+43 java.base@16
j  java.util.ResourceBundle.findBundle(Ljava/lang/Module;Ljava/lang/Module;Ljava/util/ResourceBundle$CacheKey;Ljava/util/List;Ljava/util/List;ILjava/util/ResourceBundle$Control;Ljava/util/ResourceBundle;)Ljava/util/ResourceBundle;+43 java.base@16
j  java.util.ResourceBundle.getBundleImpl(Ljava/lang/Module;Ljava/lang/Module;Ljava/lang/String;Ljava/util/Locale;Ljava/util/ResourceBundle$Control;)Ljava/util/ResourceBundle;+196 java.base@16
j  java.util.ResourceBundle.getBundleImpl(Ljava/lang/String;Ljava/util/Locale;Ljava/lang/Class;Ljava/lang/ClassLoader;Ljava/util/ResourceBundle$Control;)Ljava/util/ResourceBundle;+45 java.base@16
j  java.util.ResourceBundle.getBundleImpl(Ljava/lang/String;Ljava/util/Locale;Ljava/lang/Class;Ljava/util/ResourceBundle$Control;)Ljava/util/ResourceBundle;+8 java.base@16
j  java.util.ResourceBundle.getBundle(Ljava/lang/String;Ljava/util/Locale;)Ljava/util/ResourceBundle;+12 java.base@16
j  com.sun.tools.javac.util.JavacMessages.lambda$add$0(Ljava/lang/String;Ljava/util/Locale;)Ljava/util/ResourceBundle;+2 jdk.compiler@16
j  com.sun.tools.javac.util.JavacMessages$$Lambda$20+0x000000030008aaf0.getResourceBundle(Ljava/util/Locale;)Ljava/util/ResourceBundle;+5 jdk.compiler@16
j  com.sun.tools.javac.util.JavacMessages.getBundles(Ljava/util/Locale;)Lcom/sun/tools/javac/util/List;+92 jdk.compiler@16
j  com.sun.tools.javac.util.JavacMessages.setCurrentLocale(Ljava/util/Locale;)V+11 jdk.compiler@16
j  com.sun.tools.javac.util.JavacMessages.<init>(Ljava/lang/String;Ljava/util/Locale;)V+29 jdk.compiler@16
j  com.sun.tools.javac.util.JavacMessages.<init>(Lcom/sun/tools/javac/util/Context;)V+12 jdk.compiler@16
j  com.sun.tools.javac.util.JavacMessages.instance(Lcom/sun/tools/javac/util/Context;)Lcom/sun/tools/javac/util/JavacMessages;+20 jdk.compiler@16
j  com.sun.tools.javac.util.JCDiagnostic$Factory.<init>(Lcom/sun/tools/javac/util/Context;)V+2 jdk.compiler@16
j  com.sun.tools.javac.util.JCDiagnostic$Factory.instance(Lcom/sun/tools/javac/util/Context;)Lcom/sun/tools/javac/util/JCDiagnostic$Factory;+20 jdk.compiler@16
j  com.sun.tools.javac.util.Log.<init>(Lcom/sun/tools/javac/util/Context;Ljava/util/Map;)V+2 jdk.compiler@16
j  com.sun.tools.javac.util.Log.<init>(Lcom/sun/tools/javac/util/Context;)V+6 jdk.compiler@16
j  com.sun.tools.javac.util.Log.instance(Lcom/sun/tools/javac/util/Context;)Lcom/sun/tools/javac/util/Log;+20 jdk.compiler@16
j  com.sun.tools.javac.main.Main.compile([Ljava/lang/String;Lcom/sun/tools/javac/util/Context;)Lcom/sun/tools/javac/main/Main$Result;+38 jdk.compiler@16
j  com.sun.tools.javac.main.Main.compile([Ljava/lang/String;)Lcom/sun/tools/javac/main/Main$Result;+15 jdk.compiler@16
j  com.sun.tools.javac.Main.compile([Ljava/lang/String;)I+12 jdk.compiler@16
j  com.sun.tools.javac.Main.main([Ljava/lang/String;)V+1 jdk.compiler@16
v  ~StubRoutines::call_stub
V  [libjvm.dylib+0x44ae78]  JavaCalls::call_helper(JavaValue*, methodHandle const&, JavaCallArguments*, Thread*)+0x30c
V  [libjvm.dylib+0x4ab9d0]  jni_invoke_static(JNIEnv_*, JavaValue*, _jobject*, JNICallType, _jmethodID*, JNI_ArgumentPusher*, Thread*)+0x120
V  [libjvm.dylib+0x4aede4]  jni_CallStaticVoidMethod+0x120
C  [libjli.dylib+0x5438]  JavaMain+0x9d4
C  [libjli.dylib+0x7794]  ThreadJavaMain+0xc
C  [libsystem_pthread.dylib+0x7878]  _pthread_start+0x140


---------------  P R O C E S S  ---------------

Threads class SMR info:
_java_thread_list=0x0000000133eadb40, length=10, elements={
0x000000013400be00, 0x000000013485e400, 0x0000000134008c00, 0x0000000134015600,
0x000000013405ec00, 0x000000013405f200, 0x000000013405f800, 0x000000013405fe00,
0x0000000134064400, 0x0000000127808200
}

Java Threads: ( => current thread )
=>0x000000013400be00 JavaThread "main" [_thread_in_Java, id=8707, stack(0x000000016f408000,0x000000016f60b000)]
  0x000000013485e400 JavaThread "Reference Handler" daemon [_thread_blocked, id=16387, stack(0x000000017025c000,0x000000017045f000)]
  0x0000000134008c00 JavaThread "Finalizer" daemon [_thread_blocked, id=14595, stack(0x0000000170468000,0x000000017066b000)]
  0x0000000134015600 JavaThread "Signal Dispatcher" daemon [_thread_blocked, id=42243, stack(0x000000017078c000,0x000000017098f000)]
  0x000000013405ec00 JavaThread "Service Thread" daemon [_thread_blocked, id=22019, stack(0x0000000170998000,0x0000000170b9b000)]
  0x000000013405f200 JavaThread "C2 CompilerThread0" daemon [_thread_blocked, id=41731, stack(0x0000000170ba4000,0x0000000170da7000)]
  0x000000013405f800 JavaThread "C1 CompilerThread0" daemon [_thread_blocked, id=41475, stack(0x0000000170db0000,0x0000000170fb3000)]
  0x000000013405fe00 JavaThread "Sweeper thread" daemon [_thread_blocked, id=23043, stack(0x0000000170fbc000,0x00000001711bf000)]
  0x0000000134064400 JavaThread "Common-Cleaner" daemon [_thread_blocked, id=41219, stack(0x00000001711c8000,0x00000001713cb000)]
  0x0000000127808200 JavaThread "Notification Thread" daemon [_thread_blocked, id=40963, stack(0x00000001713d4000,0x00000001715d7000)]

Other Threads:
  0x0000000133e3a2d0 VMThread "VM Thread" [stack: 0x0000000170050000,0x0000000170253000] [id=17155]
  0x0000000133eae400 WatcherThread [stack: 0x00000001715e0000,0x00000001717e3000] [id=23811]
  0x0000000133f11ae0 GCTaskThread "GC Thread#0" [stack: 0x000000016f614000,0x000000016f817000] [id=19203]
  0x0000000133f12c30 ConcurrentGCThread "G1 Main Marker" [stack: 0x000000016f820000,0x000000016fa23000] [id=18691]
  0x0000000133e1c0a0 ConcurrentGCThread "G1 Conc#0" [stack: 0x000000016fa2c000,0x000000016fc2f000] [id=12035]
  0x0000000133e1f660 ConcurrentGCThread "G1 Refine#0" [stack: 0x000000016fc38000,0x000000016fe3b000] [id=17923]
  0x0000000133e206c0 ConcurrentGCThread "G1 Service" [stack: 0x000000016fe44000,0x0000000170047000] [id=12803]

Threads with active compile tasks:

VM state: not at safepoint (normal execution)

VM Mutex/Monitor currently owned by a thread: None

Heap address: 0x00000006c0000000, size: 4096 MB, Compressed Oops mode: Zero based, Oop shift amount: 3
Compressed class space mapped at: 0x0000000300000000-0x0000000340000000, reserved size: 1073741824
Narrow klass base: 0x0000000000000000, Narrow klass shift: 3, Narrow klass range: 0x340000000

GC Precious Log:
 CPUs: 8 total, 8 available
 Memory: 16384M
 Large Page Support: Disabled
 NUMA Support: Disabled
 Compressed Oops: Enabled (Zero based)
 Heap Region Size: 2M
 Heap Min Capacity: 8M
 Heap Initial Capacity: 8M
 Heap Max Capacity: 4G
 Pre-touch: Disabled
 Parallel Workers: 8
 Concurrent Workers: 2
 Concurrent Refinement Workers: 8
 Periodic GC: Disabled

Heap:
 garbage-first heap   total 8192K, used 0K [0x00000006c0000000, 0x00000007c0000000)
  region size 2048K, 1 young (2048K), 0 survivors (0K)
 Metaspace       used 6417K, committed 6528K, reserved 1056768K
  class space    used 579K, committed 640K, reserved 1048576K

Heap Regions: E=young(eden), S=young(survivor), O=old, HS=humongous(starts), HC=humongous(continues), CS=collection set, F=free, OA=open archive, CA=closed archive, TAMS=top-at-mark-start (previous, next)
|   0|0x00000006c0000000, 0x00000006c0000000, 0x00000006c0200000|  0%| F|  |TAMS 0x00000006c0000000, 0x00000006c0000000| Untracked 
|   1|0x00000006c0200000, 0x00000006c0200000, 0x00000006c0400000|  0%| F|  |TAMS 0x00000006c0200000, 0x00000006c0200000| Untracked 
|   2|0x00000006c0400000, 0x00000006c0400000, 0x00000006c0600000|  0%| F|  |TAMS 0x00000006c0400000, 0x00000006c0400000| Untracked 
|   3|0x00000006c0600000, 0x00000006c07e0b00, 0x00000006c0800000| 93%| E|  |TAMS 0x00000006c0600000, 0x00000006c0600000| Complete 

Card table byte_map: [0x000000011de58000,0x000000011e658000] _byte_map_base: 0x000000011a858000

Marking Bits (Prev, Next): (CMBitMap*) 0x000000013482d010, (CMBitMap*) 0x000000013482d050
 Prev Bits: [0x000000011ee58000, 0x0000000122e58000)
 Next Bits: [0x0000000122e58000, 0x0000000126e58000)

Polling page: 0x0000000100b50000

Metaspace:

Usage:
  Non-class:      5.70 MB used.
      Class:    579.24 KB used.
       Both:      6.27 MB used.

Virtual space:
  Non-class space:        8.00 MB reserved,       5.75 MB ( 72%) committed,  1 nodes.
      Class space:        1.00 GB reserved,     640.00 KB ( <1%) committed,  1 nodes.
              Both:        1.01 GB reserved,       6.38 MB ( <1%) committed. 

Chunk freelists:
   Non-Class:  2.10 MB
       Class:  3.20 MB
        Both:  5.30 MB

MaxMetaspaceSize: 17179869184.00 GB
CompressedClassSpaceSize: 1.00 GB
 - commit_granule_bytes: 65536.
 - commit_granule_words: 8192.
 - virtual_space_node_default_size: 1048576.
 - enlarge_chunks_in_place: 1.
 - new_chunks_are_fully_committed: 0.
 - uncommit_free_chunks: 1.
 - use_allocation_guard: 0.
 - handle_deallocations: 1.


Internal statistics:

num_allocs_failed_limit: 0.
num_arena_births: 10.
num_arena_deaths: 0.
num_vsnodes_births: 2.
num_vsnodes_deaths: 0.
num_space_committed: 102.
num_space_uncommitted: 0.
num_chunks_returned_to_freelist: 0.
num_chunks_taken_from_freelist: 48.
num_chunk_merges: 0.
num_chunk_splits: 23.
num_chunks_enlarged: 15.
num_purges: 0.

CodeHeap 'non-profiled nmethods': size=120032Kb used=76Kb max_used=76Kb free=119955Kb
 bounds [0x0000000116120000, 0x0000000116390000, 0x000000011d658000]
CodeHeap 'profiled nmethods': size=120016Kb used=362Kb max_used=362Kb free=119653Kb
 bounds [0x000000010ebec000, 0x000000010ee5c000, 0x0000000116120000]
CodeHeap 'non-nmethods': size=5712Kb used=1044Kb max_used=1058Kb free=4667Kb
 bounds [0x000000010e658000, 0x000000010e8c8000, 0x000000010ebec000]
 total_blobs=621 nmethods=286 adapters=252
 compilation: enabled
              stopped_count=0, restarted_count=0
 full_count=0

Compilation events (20 events):
Event: 0.158 Thread 0x000000013405f800  277       3       jdk.internal.jimage.ImageStringsReader::get (9 bytes)
Event: 0.159 Thread 0x000000013405f800 nmethod 277 0x000000010ec42710 code [0x000000010ec428c0, 0x000000010ec42ad8]
Event: 0.159 Thread 0x000000013405f800  278       3       jdk.internal.jimage.BasicImageReader::getString (49 bytes)
Event: 0.159 Thread 0x000000013405f800 nmethod 278 0x000000010ec42b90 code [0x000000010ec42d80, 0x000000010ec430f8]
Event: 0.159 Thread 0x000000013405f800  279       3       jdk.internal.jimage.ImageStringsReader::stringFromByteBuffer (28 bytes)
Event: 0.159 Thread 0x000000013405f800 nmethod 279 0x000000010ec43290 code [0x000000010ec43480, 0x000000010ec438a8]
Event: 0.159 Thread 0x000000013405f800  280       3       java.nio.MappedByteBuffer::rewind (5 bytes)
Event: 0.159 Thread 0x000000013405f800 nmethod 280 0x000000010ec43a10 code [0x000000010ec43bc0, 0x000000010ec43e28]
Event: 0.159 Thread 0x000000013405f800  281       3       java.nio.MappedByteBuffer::rewind (7 bytes)
Event: 0.159 Thread 0x000000013405f800 nmethod 281 0x000000010ec43f90 code [0x000000010ec44140, 0x000000010ec44368]
Event: 0.159 Thread 0x000000013405f800  282       3       jdk.internal.org.objectweb.asm.SymbolTable$Entry::<init> (17 bytes)
Event: 0.159 Thread 0x000000013405f800 nmethod 282 0x000000010ec44490 code [0x000000010ec44640, 0x000000010ec44818]
Event: 0.159 Thread 0x000000013405f800  283       3       jdk.internal.org.objectweb.asm.ByteVector::putByte (39 bytes)
Event: 0.159 Thread 0x000000013405f800 nmethod 283 0x000000010ec44910 code [0x000000010ec44ac0, 0x000000010ec44d18]
Event: 0.159 Thread 0x000000013405f200  284       4       java.util.concurrent.ConcurrentHashMap::spread (10 bytes)
Event: 0.159 Thread 0x000000013405f200 nmethod 284 0x0000000116132f10 code [0x0000000116133080, 0x00000001161330e0]
Event: 0.160 Thread 0x000000013405f800  285       3       java.lang.Class::getPackageName (81 bytes)
Event: 0.160 Thread 0x000000013405f800 nmethod 285 0x000000010ec44e10 code [0x000000010ec45140, 0x000000010ec45d58]
Event: 0.160 Thread 0x000000013405f800  286       3       java.lang.String::replace (42 bytes)
Event: 0.160 Thread 0x000000013405f800 nmethod 286 0x000000010ec46210 code [0x000000010ec46400, 0x000000010ec46788]

GC Heap History (0 events):
No events

Deoptimization events (0 events):
No events

Classes unloaded (0 events):
No events

Classes redefined (0 events):
No events

Internal exceptions (1 events):
Event: 0.155 Thread 0x000000013400be00 Exception <a 'java/lang/NoSuchMethodError'{0x00000006c07a9898}: 'java.lang.Object java.lang.invoke.DirectMethodHandle$Holder.invokeStatic(java.lang.Object)'> (0x00000006c07a9898) 
thrown [src/hotspot/share/interpreter/linkResolver.cpp, line 789]

Events (20 events):
Event: 0.159 loading class java/util/ResourceBundle$2
Event: 0.159 loading class java/util/ResourceBundle$2 done
Event: 0.159 loading class java/util/ResourceBundle$Control
Event: 0.160 loading class java/util/ResourceBundle$Control done
Event: 0.160 loading class java/util/ResourceBundle$Control$CandidateListCache
Event: 0.160 loading class java/util/ResourceBundle$Control$CandidateListCache done
Event: 0.160 loading class java/util/ResourceBundle$CacheKey
Event: 0.160 loading class java/util/ResourceBundle$CacheKey done
Event: 0.160 loading class java/util/ResourceBundle$KeyElementReference
Event: 0.160 loading class java/util/ResourceBundle$CacheKeyReference
Event: 0.160 loading class java/util/ResourceBundle$CacheKeyReference done
Event: 0.160 loading class java/util/ResourceBundle$KeyElementReference done
Event: 0.160 loading class java/util/LinkedList
Event: 0.160 loading class java/util/AbstractSequentialList
Event: 0.160 loading class java/util/AbstractSequentialList done
Event: 0.160 loading class java/util/LinkedList done
Event: 0.160 loading class java/util/LinkedList$Node
Event: 0.160 loading class java/util/LinkedList$Node done
Event: 0.160 loading class java/util/ResourceBundle$3
Event: 0.160 loading class java/util/ResourceBundle$3 done


Dynamic libraries:
0x000000018e67d000 	/usr/lib/libz.1.dylib
0x0000000100a98000 	/opt/homebrew/Cellar/openjdk/15.0.2/libexec/openjdk.jdk/Contents/Home/lib/libjli.dylib
0x0000000198b87000 	/System/Library/Frameworks/Cocoa.framework/Versions/A/Cocoa
0x0000000186aca000 	/System/Library/Frameworks/Security.framework/Versions/A/Security
0x0000000196ef5000 	/System/Library/Frameworks/ApplicationServices.framework/Versions/A/ApplicationServices
0x000000018e723000 	/usr/lib/libSystem.B.dylib
0x000000018e71d000 	/usr/lib/system/libcache.dylib
0x000000018e6dc000 	/usr/lib/system/libcommonCrypto.dylib
0x000000018e706000 	/usr/lib/system/libcompiler_rt.dylib
0x000000018e6fd000 	/usr/lib/system/libcopyfile.dylib
0x0000000184a40000 	/usr/lib/system/libcorecrypto.dylib
0x0000000184ae0000 	/usr/lib/system/libdispatch.dylib
0x0000000184c99000 	/usr/lib/system/libdyld.dylib
0x000000018e713000 	/usr/lib/system/libkeymgr.dylib
0x0000000191b44000 	/usr/lib/system/liblaunch.dylib
0x000000018e6be000 	/usr/lib/system/libmacho.dylib
0x000000018df30000 	/usr/lib/system/libquarantine.dylib
0x000000018e710000 	/usr/lib/system/libremovefile.dylib
0x0000000189526000 	/usr/lib/system/libsystem_asl.dylib
0x00000001849ee000 	/usr/lib/system/libsystem_blocks.dylib
0x0000000184b62000 	/usr/lib/system/libsystem_c.dylib
0x000000018e70a000 	/usr/lib/system/libsystem_collections.dylib
0x000000018d56a000 	/usr/lib/system/libsystem_configuration.dylib
0x000000018c8ed000 	/usr/lib/system/libsystem_containermanager.dylib
0x000000018e493000 	/usr/lib/system/libsystem_coreservices.dylib
0x00000001870a1000 	/usr/lib/system/libsystem_darwin.dylib
0x000000018e714000 	/usr/lib/system/libsystem_dnssd.dylib
0x0000000184b5f000 	/usr/lib/system/libsystem_featureflags.dylib
0x0000000184ce2000 	/usr/lib/system/libsystem_info.dylib
0x000000018e68f000 	/usr/lib/system/libsystem_m.dylib
0x0000000184ab4000 	/usr/lib/system/libsystem_malloc.dylib
0x00000001894c1000 	/usr/lib/system/libsystem_networkextension.dylib
0x00000001874e4000 	/usr/lib/system/libsystem_notify.dylib
0x0000000193ff2000 	/usr/lib/system/libsystem_product_info_filter.dylib
0x000000018d56f000 	/usr/lib/system/libsystem_sandbox.dylib
0x000000018e70d000 	/usr/lib/system/libsystem_secinit.dylib
0x0000000184c58000 	/usr/lib/system/libsystem_kernel.dylib
0x0000000184cdb000 	/usr/lib/system/libsystem_platform.dylib
0x0000000184c8c000 	/usr/lib/system/libsystem_pthread.dylib
0x000000018aa93000 	/usr/lib/system/libsystem_symptoms.dylib
0x0000000184a28000 	/usr/lib/system/libsystem_trace.dylib
0x000000018e6ea000 	/usr/lib/system/libunwind.dylib
0x00000001849f0000 	/usr/lib/system/libxpc.dylib
0x0000000184c40000 	/usr/lib/libc++abi.dylib
0x0000000184b25000 	/usr/lib/libobjc.A.dylib
0x000000018e6f5000 	/usr/lib/liboah.dylib
0x0000000184be4000 	/usr/lib/libc++.1.dylib
0x0000000184d0e000 	/System/Library/Frameworks/CoreFoundation.framework/Versions/A/CoreFoundation
0x0000000185ad5000 	/System/Library/Frameworks/Foundation.framework/Versions/C/Foundation
0x000000018753e000 	/System/Library/Frameworks/AppKit.framework/Versions/C/AppKit
0x000000018a35c000 	/System/Library/Frameworks/CoreData.framework/Versions/A/CoreData
0x000000018827e000 	/System/Library/PrivateFrameworks/UIFoundation.framework/Versions/A/UIFoundation
0x0000000193d84000 	/System/Library/PrivateFrameworks/RemoteViewServices.framework/Versions/A/RemoteViewServices
0x000000018cf9e000 	/System/Library/PrivateFrameworks/XCTTargetBootstrap.framework/Versions/A/XCTTargetBootstrap
0x000000018f8dd000 	/usr/lib/libspindump.dylib
0x00000001884a5000 	/System/Library/Frameworks/UniformTypeIdentifiers.framework/Versions/A/UniformTypeIdentifiers
0x000000018b586000 	/usr/lib/libapp_launch_measurement.dylib
0x000000018b589000 	/System/Library/PrivateFrameworks/CoreAutoLayout.framework/Versions/A/CoreAutoLayout
0x000000018c91b000 	/System/Library/Frameworks/Metal.framework/Versions/A/Metal
0x000000018d57a000 	/usr/lib/liblangid.dylib
0x000000018cfa2000 	/System/Library/PrivateFrameworks/CoreSVG.framework/Versions/A/CoreSVG
0x0000000189558000 	/System/Library/PrivateFrameworks/SkyLight.framework/Versions/A/SkyLight
0x00000001898c3000 	/System/Library/Frameworks/CoreGraphics.framework/Versions/A/CoreGraphics
0x00000001942a4000 	/System/Library/Frameworks/Accelerate.framework/Versions/A/Accelerate
0x000000018f337000 	/System/Library/PrivateFrameworks/IconServices.framework/Versions/A/IconServices
0x000000018c8ff000 	/System/Library/Frameworks/IOSurface.framework/Versions/A/IOSurface
0x000000018ac2a000 	/usr/lib/libDiagnosticMessagesClient.dylib
0x000000018cf86000 	/System/Library/PrivateFrameworks/DFRFoundation.framework/Versions/A/DFRFoundation
0x0000000186e2f000 	/usr/lib/libicucore.A.dylib
0x0000000190e2e000 	/System/Library/Frameworks/AudioToolbox.framework/Versions/A/AudioToolbox
0x0000000190043000 	/System/Library/PrivateFrameworks/DataDetectorsCore.framework/Versions/A/DataDetectorsCore
0x00000001894d3000 	/usr/lib/libMobileGestalt.dylib
0x000000018cc7b000 	/System/Library/Frameworks/Carbon.framework/Versions/A/Frameworks/HIToolbox.framework/Versions/A/HIToolbox
0x000000018b025000 	/System/Library/Frameworks/QuartzCore.framework/Versions/A/QuartzCore
0x0000000193dbc000 	/System/Library/Frameworks/Carbon.framework/Versions/A/Frameworks/SpeechRecognition.framework/Versions/A/SpeechRecognition
0x000000018b324000 	/System/Library/PrivateFrameworks/CoreUI.framework/Versions/A/CoreUI
0x00000001864af000 	/System/Library/Frameworks/CoreAudio.framework/Versions/A/CoreAudio
0x000000018ad13000 	/System/Library/Frameworks/DiskArbitration.framework/Versions/A/DiskArbitration
0x000000018fc90000 	/System/Library/PrivateFrameworks/MultitouchSupport.framework/Versions/A/MultitouchSupport
0x000000019003a000 	/System/Library/PrivateFrameworks/InternationalSupport.framework/Versions/A/InternationalSupport
0x00000001894d1000 	/usr/lib/libenergytrace.dylib
0x0000000187418000 	/System/Library/Frameworks/IOKit.framework/Versions/A/IOKit
0x00000001940e7000 	/System/Library/Frameworks/CoreServices.framework/Versions/A/CoreServices
0x000000018b51c000 	/System/Library/PrivateFrameworks/PerformanceAnalysis.framework/Versions/A/PerformanceAnalysis
0x00000001c6c88000 	/System/Library/Frameworks/OpenGL.framework/Versions/A/OpenGL
0x00000001900b8000 	/System/Library/PrivateFrameworks/UserActivity.framework/Versions/A/UserActivity
0x0000000189eb1000 	/System/Library/Frameworks/ColorSync.framework/Versions/A/ColorSync
0x000000018d1ec000 	/System/Library/Frameworks/CoreImage.framework/Versions/A/CoreImage
0x00000001862df000 	/System/Library/Frameworks/CoreText.framework/Versions/A/CoreText
0x000000018cfcd000 	/System/Library/Frameworks/ImageIO.framework/Versions/A/ImageIO
0x000000018e729000 	/System/Library/PrivateFrameworks/SoftLinking.framework/Versions/A/SoftLinking
0x000000018b5cc000 	/usr/lib/libxml2.2.dylib
0x000000018e9a9000 	/usr/lib/libcompression.dylib
0x000000018ff86000 	/System/Library/PrivateFrameworks/TextureIO.framework/Versions/A/TextureIO
0x000000018f094000 	/usr/lib/libate.dylib
0x000000018eedd000 	/usr/lib/liblzma.5.dylib
0x00000001857ea000 	/System/Library/Frameworks/SystemConfiguration.framework/Versions/A/SystemConfiguration
0x000000018e725000 	/usr/lib/libfakelink.dylib
0x0000000189038000 	/System/Library/Frameworks/CFNetwork.framework/Versions/A/CFNetwork
0x000000018e86f000 	/usr/lib/libarchive.2.dylib
0x0000000185872000 	/usr/lib/libCRFSuite.dylib
0x000000018df5a000 	/usr/lib/libbsm.0.dylib
0x00000001888ef000 	/usr/lib/libnetwork.dylib
0x000000018e72a000 	/usr/lib/libpcap.A.dylib
0x000000018aa8b000 	/usr/lib/libdns_services.dylib
0x000000018eef6000 	/usr/lib/libcoretls_cfhelpers.dylib
0x000000018e978000 	/usr/lib/libapple_nghttp2.dylib
0x000000018e6c4000 	/usr/lib/system/libkxld.dylib
0x000000018a71c000 	/usr/lib/libsqlite3.dylib
0x000000018e476000 	/System/Library/PrivateFrameworks/AppleFSCompression.framework/Versions/A/AppleFSCompression
0x000000018df43000 	/usr/lib/libcoretls.dylib
0x000000018e9a4000 	/usr/lib/libpam.2.dylib
0x000000018efdd000 	/usr/lib/libxar.1.dylib
0x000000018d576000 	/System/Library/PrivateFrameworks/AppleSystemInfo.framework/Versions/A/AppleSystemInfo
0x000000018db93000 	/System/Library/PrivateFrameworks/IOMobileFramebuffer.framework/Versions/A/IOMobileFramebuffer
0x000000018e486000 	/usr/lib/libbz2.1.0.dylib
0x000000018e766000 	/usr/lib/libiconv.2.dylib
0x000000018e6bd000 	/usr/lib/libcharset.1.dylib
0x000000018b555000 	/System/Library/Frameworks/CoreServices.framework/Versions/A/Frameworks/FSEvents.framework/Versions/A/FSEvents
0x00000001870ac000 	/System/Library/Frameworks/CoreServices.framework/Versions/A/Frameworks/CarbonCore.framework/Versions/A/CarbonCore
0x000000018ac79000 	/System/Library/Frameworks/CoreServices.framework/Versions/A/Frameworks/Metadata.framework/Versions/A/Metadata
0x000000018e498000 	/System/Library/Frameworks/CoreServices.framework/Versions/A/Frameworks/OSServices.framework/Versions/A/OSServices
0x000000018e8e0000 	/System/Library/Frameworks/CoreServices.framework/Versions/A/Frameworks/SearchKit.framework/Versions/A/SearchKit
0x000000018aa17000 	/System/Library/Frameworks/CoreServices.framework/Versions/A/Frameworks/AE.framework/Versions/A/AE
0x00000001851bd000 	/System/Library/Frameworks/CoreServices.framework/Versions/A/Frameworks/LaunchServices.framework/Versions/A/LaunchServices
0x000000018ee8a000 	/System/Library/Frameworks/CoreServices.framework/Versions/A/Frameworks/DictionaryServices.framework/Versions/A/DictionaryServices
0x000000018b562000 	/System/Library/Frameworks/CoreServices.framework/Versions/A/Frameworks/SharedFileList.framework/Versions/A/SharedFileList
0x000000018df33000 	/usr/lib/libCheckFix.dylib
0x000000018953e000 	/System/Library/PrivateFrameworks/TCC.framework/Versions/A/TCC
0x000000018d57c000 	/System/Library/PrivateFrameworks/CoreNLP.framework/Versions/A/CoreNLP
0x000000018ac2d000 	/System/Library/PrivateFrameworks/MetadataUtilities.framework/Versions/A/MetadataUtilities
0x00000001858a6000 	/usr/lib/libmecabra.dylib
0x000000018e219000 	/System/Library/Frameworks/MLCompute.framework/Versions/A/MLCompute
0x000000018df6b000 	/usr/lib/libmecab.dylib
0x000000018dfb1000 	/usr/lib/libgermantok.dylib
0x000000018e951000 	/usr/lib/libThaiTokenizer.dylib
0x000000018f019000 	/usr/lib/libChineseTokenizer.dylib
0x000000018e9a2000 	/System/Library/Frameworks/MetalPerformanceShaders.framework/Versions/A/MetalPerformanceShaders
0x000000018ad1a000 	/System/Library/Frameworks/Accelerate.framework/Versions/A/Frameworks/vImage.framework/Versions/A/vImage
0x00000001940c5000 	/System/Library/Frameworks/Accelerate.framework/Versions/A/Frameworks/vecLib.framework/Versions/A/vecLib
0x000000018f024000 	/System/Library/Frameworks/Accelerate.framework/Versions/A/Frameworks/vecLib.framework/Versions/A/libvMisc.dylib
0x000000018dad1000 	/System/Library/Frameworks/Accelerate.framework/Versions/A/Frameworks/vecLib.framework/Versions/A/libvDSP.dylib
0x00000001854d0000 	/System/Library/Frameworks/Accelerate.framework/Versions/A/Frameworks/vecLib.framework/Versions/A/libBLAS.dylib
0x000000018e9cd000 	/System/Library/Frameworks/Accelerate.framework/Versions/A/Frameworks/vecLib.framework/Versions/A/libLAPACK.dylib
0x000000018dfb6000 	/System/Library/Frameworks/Accelerate.framework/Versions/A/Frameworks/vecLib.framework/Versions/A/libLinearAlgebra.dylib
0x000000018e98f000 	/System/Library/Frameworks/Accelerate.framework/Versions/A/Frameworks/vecLib.framework/Versions/A/libSparseBLAS.dylib
0x000000018e9c8000 	/System/Library/Frameworks/Accelerate.framework/Versions/A/Frameworks/vecLib.framework/Versions/A/libQuadrature.dylib
0x000000018d612000 	/System/Library/Frameworks/Accelerate.framework/Versions/A/Frameworks/vecLib.framework/Versions/A/libBNNS.dylib
0x0000000185786000 	/System/Library/Frameworks/Accelerate.framework/Versions/A/Frameworks/vecLib.framework/Versions/A/libSparse.dylib
0x000000018d505000 	/System/Library/Frameworks/MetalPerformanceShaders.framework/Versions/A/Frameworks/MPSCore.framework/Versions/A/MPSCore
0x000000018e3ee000 	/System/Library/Frameworks/MetalPerformanceShaders.framework/Versions/A/Frameworks/MPSImage.framework/Versions/A/MPSImage
0x000000018dfcb000 	/System/Library/Frameworks/MetalPerformanceShaders.framework/Versions/A/Frameworks/MPSNeuralNetwork.framework/Versions/A/MPSNeuralNetwork
0x000000018e36c000 	/System/Library/Frameworks/MetalPerformanceShaders.framework/Versions/A/Frameworks/MPSMatrix.framework/Versions/A/MPSMatrix
0x000000018e1cf000 	/System/Library/Frameworks/MetalPerformanceShaders.framework/Versions/A/Frameworks/MPSRayIntersector.framework/Versions/A/MPSRayIntersector
0x000000018e39b000 	/System/Library/Frameworks/MetalPerformanceShaders.framework/Versions/A/Frameworks/MPSNDArray.framework/Versions/A/MPSNDArray
0x00000001853f6000 	/System/Library/PrivateFrameworks/MetalTools.framework/Versions/A/MetalTools
0x000000018d574000 	/System/Library/PrivateFrameworks/AggregateDictionary.framework/Versions/A/AggregateDictionary
0x000000018abf7000 	/System/Library/PrivateFrameworks/CoreAnalytics.framework/Versions/A/CoreAnalytics
0x000000018e953000 	/System/Library/PrivateFrameworks/AppleSauce.framework/Versions/A/AppleSauce
0x000000018c911000 	/System/Library/PrivateFrameworks/IOAccelerator.framework/Versions/A/IOAccelerator
0x00000001c6c7b000 	/System/Library/Frameworks/OpenGL.framework/Versions/A/Libraries/libCoreFSCache.dylib
0x0000000185e62000 	/System/Library/PrivateFrameworks/LanguageModeling.framework/Versions/A/LanguageModeling
0x000000018db80000 	/System/Library/PrivateFrameworks/CoreEmoji.framework/Versions/A/CoreEmoji
0x000000018d60a000 	/System/Library/PrivateFrameworks/LinguisticData.framework/Versions/A/LinguisticData
0x000000018573b000 	/System/Library/PrivateFrameworks/Lexicon.framework/Versions/A/Lexicon
0x000000018e85c000 	/usr/lib/libcmph.dylib
0x000000018b535000 	/System/Library/Frameworks/OpenDirectory.framework/Versions/A/Frameworks/CFOpenDirectory.framework/Versions/A/CFOpenDirectory
0x000000018b527000 	/System/Library/Frameworks/OpenDirectory.framework/Versions/A/OpenDirectory
0x000000018eef8000 	/System/Library/PrivateFrameworks/APFS.framework/Versions/A/APFS
0x000000018de9c000 	/System/Library/Frameworks/SecurityFoundation.framework/Versions/A/SecurityFoundation
0x000000018efeb000 	/usr/lib/libutil.dylib
0x00000001873dc000 	/System/Library/PrivateFrameworks/CoreServicesStore.framework/Versions/A/CoreServicesStore
0x000000018df2a000 	/System/Library/Frameworks/ServiceManagement.framework/Versions/A/ServiceManagement
0x000000018efef000 	/usr/lib/libxslt.1.dylib
0x000000018df20000 	/System/Library/PrivateFrameworks/BackgroundTaskManagement.framework/Versions/A/BackgroundTaskManagement
0x000000018fed5000 	/System/Library/Frameworks/ImageIO.framework/Versions/A/Resources/libRadiance.dylib
0x000000018fede000 	/System/Library/Frameworks/ImageIO.framework/Versions/A/Resources/libJPEG.dylib
0x000000018fe2d000 	/System/Library/Frameworks/ImageIO.framework/Versions/A/Resources/libPng.dylib
0x000000018fe54000 	/System/Library/Frameworks/ImageIO.framework/Versions/A/Resources/libTIFF.dylib
0x000000018ff2f000 	/System/Library/Frameworks/ImageIO.framework/Versions/A/Resources/libGIF.dylib
0x000000018fbaa000 	/System/Library/Frameworks/ImageIO.framework/Versions/A/Resources/libJP2.dylib
0x000000018f301000 	/usr/lib/libexpat.1.dylib
0x000000018fb66000 	/System/Library/PrivateFrameworks/AppleJPEG.framework/Versions/A/AppleJPEG
0x000000018cb22000 	/System/Library/PrivateFrameworks/FontServices.framework/libFontParser.dylib
0x000000018a9c9000 	/System/Library/PrivateFrameworks/RunningBoardServices.framework/Versions/A/RunningBoardServices
0x00000001990b6000 	/System/Library/PrivateFrameworks/IOSurfaceAccelerator.framework/Versions/A/IOSurfaceAccelerator
0x000000018fc8c000 	/System/Library/PrivateFrameworks/WatchdogClient.framework/Versions/A/WatchdogClient
0x0000000185f52000 	/System/Library/Frameworks/CoreDisplay.framework/Versions/A/CoreDisplay
0x000000018ca2a000 	/System/Library/Frameworks/CoreMedia.framework/Versions/A/CoreMedia
0x000000018b6b9000 	/System/Library/Frameworks/CoreVideo.framework/Versions/A/CoreVideo
0x000000018fcc9000 	/System/Library/Frameworks/VideoToolbox.framework/Versions/A/VideoToolbox
0x000000018a946000 	/System/Library/PrivateFrameworks/BaseBoard.framework/Versions/A/BaseBoard
0x000000018f43e000 	/System/Library/PrivateFrameworks/PersistentConnection.framework/Versions/A/PersistentConnection
0x000000018a705000 	/System/Library/PrivateFrameworks/ProtocolBuffer.framework/Versions/A/ProtocolBuffer
0x000000018a92f000 	/System/Library/PrivateFrameworks/CommonUtilities.framework/Versions/A/CommonUtilities
0x000000018fb2b000 	/System/Library/PrivateFrameworks/Bom.framework/Versions/A/Bom
0x000000018fed0000 	/System/Library/PrivateFrameworks/GPUWrangler.framework/Versions/A/GPUWrangler
0x000000018feb1000 	/System/Library/PrivateFrameworks/IOPresentment.framework/Versions/A/IOPresentment
0x000000018fed8000 	/System/Library/PrivateFrameworks/DSExternalDisplay.framework/Versions/A/DSExternalDisplay
0x000000018ff34000 	/System/Library/PrivateFrameworks/CMCaptureCore.framework/Versions/A/CMCaptureCore
0x000000018f8c6000 	/System/Library/PrivateFrameworks/AppServerSupport.framework/Versions/A/AppServerSupport
0x00000001918fe000 	/System/Library/PrivateFrameworks/perfdata.framework/Versions/A/perfdata
0x000000018de8c000 	/System/Library/PrivateFrameworks/AssertionServices.framework/Versions/A/AssertionServices
0x0000000186075000 	/System/Library/PrivateFrameworks/AudioToolboxCore.framework/Versions/A/AudioToolboxCore
0x000000018ca0a000 	/System/Library/PrivateFrameworks/caulk.framework/Versions/A/caulk
0x00000001a06cc000 	/System/Library/PrivateFrameworks/SystemPolicy.framework/Versions/A/SystemPolicy
0x000000018f126000 	/usr/lib/libIOReport.dylib
0x000000019119a000 	/usr/lib/libSMC.dylib
0x000000018fdfa000 	/usr/lib/libAudioToolboxUtility.dylib
0x00000001a1051000 	/usr/lib/libmis.dylib
0x00000001c6cdd000 	/System/Library/Frameworks/OpenGL.framework/Versions/A/Libraries/libGLU.dylib
0x00000001c6c9b000 	/System/Library/Frameworks/OpenGL.framework/Versions/A/Libraries/libGFXShared.dylib
0x00000001c6e83000 	/System/Library/Frameworks/OpenGL.framework/Versions/A/Libraries/libGL.dylib
0x00000001c6ca4000 	/System/Library/Frameworks/OpenGL.framework/Versions/A/Libraries/libGLImage.dylib
0x00000001c6c98000 	/System/Library/Frameworks/OpenGL.framework/Versions/A/Libraries/libCVMSPluginSupport.dylib
0x00000001c6c82000 	/System/Library/Frameworks/OpenGL.framework/Versions/A/Libraries/libCoreVMClient.dylib
0x0000000197bfa000 	/System/Library/PrivateFrameworks/ASEProcessing.framework/Versions/A/ASEProcessing
0x000000018f465000 	/System/Library/PrivateFrameworks/GraphVisualizer.framework/Versions/A/GraphVisualizer
0x000000018f473000 	/System/Library/PrivateFrameworks/FaceCore.framework/Versions/A/FaceCore
0x000000018f886000 	/System/Library/PrivateFrameworks/OTSVG.framework/Versions/A/OTSVG
0x000000018b2e2000 	/System/Library/Frameworks/ApplicationServices.framework/Versions/A/Frameworks/ATS.framework/Versions/A/Resources/libFontRegistry.dylib
0x000000018f8ce000 	/System/Library/PrivateFrameworks/FontServices.framework/libhvf.dylib
0x00000001c701e000 	/System/Library/Frameworks/OpenCL.framework/Versions/A/OpenCL
0x000000018f2b5000 	/System/Library/PrivateFrameworks/AppleVA.framework/Versions/A/AppleVA
0x0000000190fe6000 	/System/Library/Frameworks/ApplicationServices.framework/Versions/A/Frameworks/ATS.framework/Versions/A/ATS
0x00000001912f9000 	/System/Library/Frameworks/ApplicationServices.framework/Versions/A/Frameworks/ColorSyncLegacy.framework/Versions/A/ColorSyncLegacy
0x0000000189fa7000 	/System/Library/Frameworks/ApplicationServices.framework/Versions/A/Frameworks/HIServices.framework/Versions/A/HIServices
0x00000001912d8000 	/System/Library/Frameworks/ApplicationServices.framework/Versions/A/Frameworks/LangAnalysis.framework/Versions/A/LangAnalysis
0x000000018ff3e000 	/System/Library/Frameworks/ApplicationServices.framework/Versions/A/Frameworks/PrintCore.framework/Versions/A/PrintCore
0x0000000191301000 	/System/Library/Frameworks/ApplicationServices.framework/Versions/A/Frameworks/QD.framework/Versions/A/QD
0x0000000190fd2000 	/System/Library/Frameworks/ApplicationServices.framework/Versions/A/Frameworks/SpeechSynthesis.framework/Versions/A/SpeechSynthesis
0x000000018feff000 	/System/Library/Frameworks/ApplicationServices.framework/Versions/A/Frameworks/ATSUI.framework/Versions/A/ATSUI
0x000000019127a000 	/usr/lib/libcups.2.dylib
0x00000001912ec000 	/System/Library/PrivateFrameworks/NetAuth.framework/Versions/A/NetAuth
0x0000000191918000 	/System/Library/Frameworks/Kerberos.framework/Versions/A/Kerberos
0x0000000191929000 	/System/Library/Frameworks/GSS.framework/Versions/A/GSS
0x0000000191055000 	/usr/lib/libresolv.9.dylib
0x000000018f8e4000 	/System/Library/PrivateFrameworks/Heimdal.framework/Versions/A/Heimdal
0x00000001971e5000 	/System/Library/Frameworks/Kerberos.framework/Versions/A/Libraries/libHeimdalProxy.dylib
0x000000018aa9b000 	/System/Library/Frameworks/Network.framework/Versions/A/Network
0x000000018f31b000 	/usr/lib/libheimdal-asn1.dylib
0x0000000191971000 	/System/Library/PrivateFrameworks/CommonAuth.framework/Versions/A/CommonAuth
0x000000018b70d000 	/System/Library/PrivateFrameworks/login.framework/Versions/A/Frameworks/loginsupport.framework/Versions/A/loginsupport
0x0000000190f57000 	/System/Library/PrivateFrameworks/AudioSession.framework/Versions/A/AudioSession
0x0000000190fbf000 	/usr/lib/libAudioStatistics.dylib
0x000000018f39b000 	/System/Library/PrivateFrameworks/MediaExperience.framework/Versions/A/MediaExperience
0x0000000190df8000 	/System/Library/PrivateFrameworks/AudioSession.framework/libSessionUtility.dylib
0x000000019190a000 	/usr/lib/libperfcheck.dylib
0x000000019130d000 	/System/Library/PrivateFrameworks/AudioResourceArbitration.framework/Versions/A/AudioResourceArbitration
0x000000018f324000 	/System/Library/PrivateFrameworks/IconFoundation.framework/Versions/A/IconFoundation
0x0000000193dac000 	/System/Library/PrivateFrameworks/SpeechRecognitionCore.framework/Versions/A/SpeechRecognitionCore
0x0000000105000000 	/opt/homebrew/Cellar/openjdk/15.0.2/libexec/openjdk.jdk/Contents/Home/lib/server/libjvm.dylib
0x0000000100b3c000 	/opt/homebrew/Cellar/openjdk/15.0.2/libexec/openjdk.jdk/Contents/Home/lib/libjimage.dylib
0x0000000100b60000 	/opt/homebrew/Cellar/openjdk/15.0.2/libexec/openjdk.jdk/Contents/Home/lib/libjava.dylib
0x0000000100c1c000 	/opt/homebrew/Cellar/openjdk/15.0.2/libexec/openjdk.jdk/Contents/Home/lib/libnio.dylib
0x0000000100c3c000 	/opt/homebrew/Cellar/openjdk/15.0.2/libexec/openjdk.jdk/Contents/Home/lib/libnet.dylib


VM Arguments:
jvm_args: -Dapplication.home=/opt/homebrew/Cellar/openjdk/15.0.2/libexec/openjdk.jdk/Contents/Home --add-modules=ALL-DEFAULT -Xms8m -Djdk.module.main=jdk.compiler 
java_command: jdk.compiler/com.sun.tools.javac.Main -d -sourcepath src/ -cp lib/javax.json-api-1.1.4.jar:lib/javax.json-1.1.4.jar:. src/ServerMain.java
java_class_path (initial): <not set>
Launcher Type: SUN_STANDARD

[Global flags]
     intx CICompilerCount                          = 4                                         {product} {ergonomic}
     uint ConcGCThreads                            = 2                                         {product} {ergonomic}
     uint G1ConcRefinementThreads                  = 8                                         {product} {ergonomic}
   size_t G1HeapRegionSize                         = 2097152                                   {product} {ergonomic}
    uintx GCDrainStackTargetSize                   = 64                                        {product} {ergonomic}
   size_t InitialHeapSize                          = 8388608                                   {product} {command line}
   size_t MarkStackSize                            = 4194304                                   {product} {ergonomic}
   size_t MaxHeapSize                              = 4294967296                                {product} {ergonomic}
   size_t MaxNewSize                               = 2575302656                                {product} {ergonomic}
   size_t MinHeapDeltaBytes                        = 2097152                                   {product} {ergonomic}
   size_t MinHeapSize                              = 8388608                                   {product} {command line}
    uintx NonNMethodCodeHeapSize                   = 5839564                                {pd product} {ergonomic}
    uintx NonProfiledCodeHeapSize                  = 122909338                              {pd product} {ergonomic}
    uintx ProfiledCodeHeapSize                     = 122909338                              {pd product} {ergonomic}
    uintx ReservedCodeCacheSize                    = 251658240                              {pd product} {ergonomic}
     bool SegmentedCodeCache                       = true                                      {product} {ergonomic}
   size_t SoftMaxHeapSize                          = 4294967296                             {manageable} {ergonomic}
     bool UseCompressedClassPointers               = true                           {product lp64_product} {ergonomic}
     bool UseCompressedOops                        = true                           {product lp64_product} {ergonomic}
     bool UseG1GC                                  = true                                      {product} {ergonomic}
     bool UseNUMA                                  = false                                     {product} {ergonomic}
     bool UseNUMAInterleaving                      = false                                     {product} {ergonomic}

Logging:
Log output configuration:
 #0: stdout all=warning uptime,level,tags
 #1: stderr all=off uptime,level,tags

Environment Variables:
PATH=/Users/jb/.opam/default/bin:/opt/homebrew/opt/openjdk/bin:/opt/homebrew/bin:/opt/homebrew/sbin:/usr/local/bin:/usr/bin:/bin:/usr/sbin:/sbin:/usr/local/MacGPG2/bin:/Library/Apple/usr/bin:/Applications/Wireshark.app/Contents/MacOS
SHELL=/bin/zsh
LC_CTYPE=UTF-8

Signal Handlers:
SIGSEGV: [libjvm.dylib+0x9b5050], sa_mask[0]=11100110000111110111111111111111, sa_flags=SA_ONSTACK|SA_RESTART|SA_SIGINFO
SIGBUS: [libjvm.dylib+0x9b5050], sa_mask[0]=11100110000111110111111111111111, sa_flags=SA_RESTART|SA_SIGINFO
SIGFPE: [libjvm.dylib+0x9b5050], sa_mask[0]=11100110000111110111111111111111, sa_flags=SA_RESTART|SA_SIGINFO
SIGPIPE: [libjvm.dylib+0x89b5ec], sa_mask[0]=11100110000111110111111111111111, sa_flags=SA_RESTART|SA_SIGINFO
SIGXFSZ: [libjvm.dylib+0x89b5ec], sa_mask[0]=11100110000111110111111111111111, sa_flags=SA_RESTART|SA_SIGINFO
SIGILL: [libjvm.dylib+0x9b5050], sa_mask[0]=11100110000111110111111111111111, sa_flags=SA_RESTART|SA_SIGINFO
SIGUSR2: [libjvm.dylib+0x89c018], sa_mask[0]=00000000000000000000000000000000, sa_flags=SA_RESTART|SA_SIGINFO
SIGHUP: [libjvm.dylib+0x89a694], sa_mask[0]=11100110000111110111111111111111, sa_flags=SA_RESTART|SA_SIGINFO
SIGINT: [libjvm.dylib+0x89a694], sa_mask[0]=11100110000111110111111111111111, sa_flags=SA_RESTART|SA_SIGINFO
SIGTERM: [libjvm.dylib+0x89a694], sa_mask[0]=11100110000111110111111111111111, sa_flags=SA_RESTART|SA_SIGINFO
SIGQUIT: [libjvm.dylib+0x89a694], sa_mask[0]=11100110000111110111111111111111, sa_flags=SA_RESTART|SA_SIGINFO


---------------  S Y S T E M  ---------------

OS:uname: Darwin 20.5.0 Darwin Kernel Version 20.5.0: Sat May  8 05:10:31 PDT 2021; root:xnu-7195.121.3~9/RELEASE_ARM64_T8101 arm64
OS uptime: 19 days 1:28 hours
rlimit (soft/hard): STACK 8176k/65520k , CORE 0k/infinity , NPROC 2666/4000 , NOFILE 10240/infinity , AS infinity/infinity , CPU infinity/infinity , DATA infinity/infinity , FSIZE infinity/infinity , MEMLOCK infinity/infinity , RSS infinity/infinity
load average: 2.31 2.48 2.43

CPU: total 8 (initial active 8) 0x61:0x0:0x1b588bb3:0, simd, crc, lse

Memory: 16k page, physical 16777216k(78800k free), swap 7340032k(1034496k free)

vm_info: OpenJDK 64-Bit Server VM (16+14) for bsd-aarch64 JRE (16+14), built on Mar  1 2021 20:26:25 by "brew" with clang Apple LLVM 12.0.0 (clang-1200.0.32.29)

END.
